0 info it worked if it ends with ok
1 verbose cli [ '/usr/local/bin/node',
1 verbose cli   '/usr/local/bin/npm',
1 verbose cli   'run',
1 verbose cli   'start-api' ]
2 info using npm@3.10.3
3 info using node@v6.7.0
4 verbose run-script [ 'prestart-api', 'start-api', 'poststart-api' ]
5 info lifecycle mtg-search@1.0.0~prestart-api: mtg-search@1.0.0
6 silly lifecycle mtg-search@1.0.0~prestart-api: no script for prestart-api, continuing
7 info lifecycle mtg-search@1.0.0~start-api: mtg-search@1.0.0
8 verbose lifecycle mtg-search@1.0.0~start-api: unsafe-perm in lifecycle true
9 verbose lifecycle mtg-search@1.0.0~start-api: PATH: /usr/local/lib/node_modules/npm/bin/node-gyp-bin:/Users/andrewkos/Documents/projects/mtg-search/node_modules/.bin:/usr/local/bin:/usr/local/lib/node_modules/npm/bin/node-gyp-bin:/Users/andrewkos/Documents/projects/mtg-search/node_modules/.bin:/usr/local/bin:/usr/local/heroku/bin:/usr/local/bin:/usr/bin:/bin:/usr/sbin:/sbin:/usr/local/MacGPG2/bin:/usr/local/heroku/bin:/Users/andrewkos/.npm-global/bin:/Users/andrewkos/.bem/bin:/Users/andrewkos/.rvm/bin:/Applications/Racket_v6.5/bin:/usr/bin:/bin:/usr/sbin:/sbin:/usr/local/bin:/Users/andrewkos/.npm-global/bin:/Users/andrewkos/.bem/bin:/Users/andrewkos/.rvm/bin:/Applications/Racket_v6.5/bin
10 verbose lifecycle mtg-search@1.0.0~start-api: CWD: /Users/andrewkos/Documents/projects/mtg-search
11 silly lifecycle mtg-search@1.0.0~start-api: Args: [ '-c', 'node server/index.js' ]
12 silly lifecycle mtg-search@1.0.0~start-api: Returned: code: 1  signal: null
13 info lifecycle mtg-search@1.0.0~start-api: Failed to exec start-api script
14 verbose stack Error: mtg-search@1.0.0 start-api: `node server/index.js`
14 verbose stack Exit status 1
14 verbose stack     at EventEmitter.<anonymous> (/usr/local/lib/node_modules/npm/lib/utils/lifecycle.js:242:16)
14 verbose stack     at emitTwo (events.js:106:13)
14 verbose stack     at EventEmitter.emit (events.js:191:7)
14 verbose stack     at ChildProcess.<anonymous> (/usr/local/lib/node_modules/npm/lib/utils/spawn.js:40:14)
14 verbose stack     at emitTwo (events.js:106:13)
14 verbose stack     at ChildProcess.emit (events.js:191:7)
14 verbose stack     at maybeClose (internal/child_process.js:877:16)
14 verbose stack     at Process.ChildProcess._handle.onexit (internal/child_process.js:226:5)
15 verbose pkgid mtg-search@1.0.0
16 verbose cwd /Users/andrewkos/Documents/projects/mtg-search
17 error Darwin 15.3.0
18 error argv "/usr/local/bin/node" "/usr/local/bin/npm" "run" "start-api"
19 error node v6.7.0
20 error npm  v3.10.3
21 error code ELIFECYCLE
22 error mtg-search@1.0.0 start-api: `node server/index.js`
22 error Exit status 1
23 error Failed at the mtg-search@1.0.0 start-api script 'node server/index.js'.
23 error Make sure you have the latest version of node.js and npm installed.
23 error If you do, this is most likely a problem with the mtg-search package,
23 error not with npm itself.
23 error Tell the author that this fails on your system:
23 error     node server/index.js
23 error You can get information on how to open an issue for this project with:
23 error     npm bugs mtg-search
23 error Or if that isn't available, you can get their info via:
23 error     npm owner ls mtg-search
23 error There is likely additional logging output above.
24 verbose exit [ 1, true ]
